<?xml version="1.0" encoding="UTF-8"?>
<testsuite xmlns:xsi="http://www.w3.org/2001/XMLSchema-instance" xsi:noNamespaceSchemaLocation="https://maven.apache.org/surefire/maven-surefire-plugin/xsd/surefire-test-report-3.0.xsd" version="3.0" name="com.example.sportsapi.SportsapiApplicationTests" time="1.945" tests="1" errors="0" skipped="0" failures="0">
  <properties>
    <property name="java.specification.version" value="17"/>
    <property name="sun.jnu.encoding" value="UTF-8"/>
    <property name="java.class.path" value="/Users/omeryildiz/Downloads/sportsapi/target/test-classes:/Users/omeryildiz/Downloads/sportsapi/target/classes:/Users/omeryildiz/.m2/repository/com/google/cloud/spring-cloud-gcp-starter-storage/5.5.0/spring-cloud-gcp-starter-storage-5.5.0.jar:/Users/omeryildiz/.m2/repository/com/google/cloud/spring-cloud-gcp-starter/5.5.0/spring-cloud-gcp-starter-5.5.0.jar:/Users/omeryildiz/.m2/repository/com/google/cloud/spring-cloud-gcp-core/5.5.0/spring-cloud-gcp-core-5.5.0.jar:/Users/omeryildiz/.m2/repository/com/google/cloud/google-cloud-core/2.40.0/google-cloud-core-2.40.0.jar:/Users/omeryildiz/.m2/repository/com/google/cloud/spring-cloud-gcp-autoconfigure/5.5.0/spring-cloud-gcp-autoconfigure-5.5.0.jar:/Users/omeryildiz/.m2/repository/org/apache/commons/commons-lang3/3.14.0/commons-lang3-3.14.0.jar:/Users/omeryildiz/.m2/repository/com/google/cloud/spring-cloud-gcp-storage/5.5.0/spring-cloud-gcp-storage-5.5.0.jar:/Users/omeryildiz/.m2/repository/org/springframework/spring-context/6.1.14/spring-context-6.1.14.jar:/Users/omeryildiz/.m2/repository/com/google/cloud/google-cloud-storage/2.40.1/google-cloud-storage-2.40.1.jar:/Users/omeryildiz/.m2/repository/com/google/guava/guava/33.1.0-jre/guava-33.1.0-jre.jar:/Users/omeryildiz/.m2/repository/com/google/guava/failureaccess/1.0.2/failureaccess-1.0.2.jar:/Users/omeryildiz/.m2/repository/com/google/guava/listenablefuture/9999.0-empty-to-avoid-conflict-with-guava/listenablefuture-9999.0-empty-to-avoid-conflict-with-guava.jar:/Users/omeryildiz/.m2/repository/com/google/errorprone/error_prone_annotations/2.28.0/error_prone_annotations-2.28.0.jar:/Users/omeryildiz/.m2/repository/com/google/j2objc/j2objc-annotations/3.0.0/j2objc-annotations-3.0.0.jar:/Users/omeryildiz/.m2/repository/com/google/http-client/google-http-client/1.44.2/google-http-client-1.44.2.jar:/Users/omeryildiz/.m2/repository/io/grpc/grpc-context/1.62.2/grpc-context-1.62.2.jar:/Users/omeryildiz/.m2/repository/io/opencensus/opencensus-contrib-http-util/0.31.1/opencensus-contrib-http-util-0.31.1.jar:/Users/omeryildiz/.m2/repository/com/google/http-client/google-http-client-jackson2/1.44.2/google-http-client-jackson2-1.44.2.jar:/Users/omeryildiz/.m2/repository/com/google/http-client/google-http-client-gson/1.44.2/google-http-client-gson-1.44.2.jar:/Users/omeryildiz/.m2/repository/com/google/api-client/google-api-client/2.6.0/google-api-client-2.6.0.jar:/Users/omeryildiz/.m2/repository/commons-codec/commons-codec/1.16.1/commons-codec-1.16.1.jar:/Users/omeryildiz/.m2/repository/com/google/oauth-client/google-oauth-client/1.36.0/google-oauth-client-1.36.0.jar:/Users/omeryildiz/.m2/repository/com/google/http-client/google-http-client-apache-v2/1.44.2/google-http-client-apache-v2-1.44.2.jar:/Users/omeryildiz/.m2/repository/com/google/apis/google-api-services-storage/v1-rev20240621-2.0.0/google-api-services-storage-v1-rev20240621-2.0.0.jar:/Users/omeryildiz/.m2/repository/com/google/code/gson/gson/2.10.1/gson-2.10.1.jar:/Users/omeryildiz/.m2/repository/com/google/auto/value/auto-value-annotations/1.10.4/auto-value-annotations-1.10.4.jar:/Users/omeryildiz/.m2/repository/com/google/cloud/google-cloud-core-http/2.40.0/google-cloud-core-http-2.40.0.jar:/Users/omeryildiz/.m2/repository/com/google/http-client/google-http-client-appengine/1.44.2/google-http-client-appengine-1.44.2.jar:/Users/omeryildiz/.m2/repository/com/google/api/gax-httpjson/2.50.0/gax-httpjson-2.50.0.jar:/Users/omeryildiz/.m2/repository/com/google/cloud/google-cloud-core-grpc/2.40.0/google-cloud-core-grpc-2.40.0.jar:/Users/omeryildiz/.m2/repository/com/google/api/gax/2.50.0/gax-2.50.0.jar:/Users/omeryildiz/.m2/repository/com/google/api/gax-grpc/2.50.0/gax-grpc-2.50.0.jar:/Users/omeryildiz/.m2/repository/io/grpc/grpc-inprocess/1.62.2/grpc-inprocess-1.62.2.jar:/Users/omeryildiz/.m2/repository/io/grpc/grpc-alts/1.62.2/grpc-alts-1.62.2.jar:/Users/omeryildiz/.m2/repository/io/grpc/grpc-grpclb/1.62.2/grpc-grpclb-1.62.2.jar:/Users/omeryildiz/.m2/repository/org/conscrypt/conscrypt-openjdk-uber/2.5.2/conscrypt-openjdk-uber-2.5.2.jar:/Users/omeryildiz/.m2/repository/io/grpc/grpc-auth/1.62.2/grpc-auth-1.62.2.jar:/Users/omeryildiz/.m2/repository/com/google/auth/google-auth-library-credentials/1.23.0/google-auth-library-credentials-1.23.0.jar:/Users/omeryildiz/.m2/repository/com/google/auth/google-auth-library-oauth2-http/1.23.0/google-auth-library-oauth2-http-1.23.0.jar:/Users/omeryildiz/.m2/repository/com/google/api/api-common/2.33.0/api-common-2.33.0.jar:/Users/omeryildiz/.m2/repository/javax/annotation/javax.annotation-api/1.3.2/javax.annotation-api-1.3.2.jar:/Users/omeryildiz/.m2/repository/io/opencensus/opencensus-api/0.31.1/opencensus-api-0.31.1.jar:/Users/omeryildiz/.m2/repository/com/google/api/grpc/proto-google-iam-v1/1.36.0/proto-google-iam-v1-1.36.0.jar:/Users/omeryildiz/.m2/repository/com/google/protobuf/protobuf-java/3.25.3/protobuf-java-3.25.3.jar:/Users/omeryildiz/.m2/repository/com/google/protobuf/protobuf-java-util/3.25.3/protobuf-java-util-3.25.3.jar:/Users/omeryildiz/.m2/repository/io/grpc/grpc-core/1.62.2/grpc-core-1.62.2.jar:/Users/omeryildiz/.m2/repository/com/google/android/annotations/4.1.1.4/annotations-4.1.1.4.jar:/Users/omeryildiz/.m2/repository/org/codehaus/mojo/animal-sniffer-annotations/1.23/animal-sniffer-annotations-1.23.jar:/Users/omeryildiz/.m2/repository/io/perfmark/perfmark-api/0.27.0/perfmark-api-0.27.0.jar:/Users/omeryildiz/.m2/repository/io/grpc/grpc-protobuf/1.62.2/grpc-protobuf-1.62.2.jar:/Users/omeryildiz/.m2/repository/io/grpc/grpc-protobuf-lite/1.62.2/grpc-protobuf-lite-1.62.2.jar:/Users/omeryildiz/.m2/repository/com/google/api/grpc/proto-google-common-protos/2.41.0/proto-google-common-protos-2.41.0.jar:/Users/omeryildiz/.m2/repository/org/threeten/threetenbp/1.6.9/threetenbp-1.6.9.jar:/Users/omeryildiz/.m2/repository/com/google/api/grpc/proto-google-cloud-storage-v2/2.40.1-alpha/proto-google-cloud-storage-v2-2.40.1-alpha.jar:/Users/omeryildiz/.m2/repository/com/google/api/grpc/grpc-google-cloud-storage-v2/2.40.1-alpha/grpc-google-cloud-storage-v2-2.40.1-alpha.jar:/Users/omeryildiz/.m2/repository/com/google/api/grpc/gapic-google-cloud-storage-v2/2.40.1-alpha/gapic-google-cloud-storage-v2-2.40.1-alpha.jar:/Users/omeryildiz/.m2/repository/com/fasterxml/jackson/core/jackson-core/2.17.2/jackson-core-2.17.2.jar:/Users/omeryildiz/.m2/repository/com/google/code/findbugs/jsr305/3.0.2/jsr305-3.0.2.jar:/Users/omeryildiz/.m2/repository/io/grpc/grpc-api/1.62.2/grpc-api-1.62.2.jar:/Users/omeryildiz/.m2/repository/io/grpc/grpc-netty-shaded/1.62.2/grpc-netty-shaded-1.62.2.jar:/Users/omeryildiz/.m2/repository/io/grpc/grpc-util/1.62.2/grpc-util-1.62.2.jar:/Users/omeryildiz/.m2/repository/io/grpc/grpc-stub/1.62.2/grpc-stub-1.62.2.jar:/Users/omeryildiz/.m2/repository/io/grpc/grpc-googleapis/1.62.2/grpc-googleapis-1.62.2.jar:/Users/omeryildiz/.m2/repository/org/checkerframework/checker-qual/3.44.0/checker-qual-3.44.0.jar:/Users/omeryildiz/.m2/repository/io/grpc/grpc-xds/1.62.2/grpc-xds-1.62.2.jar:/Users/omeryildiz/.m2/repository/io/opencensus/opencensus-proto/0.2.0/opencensus-proto-0.2.0.jar:/Users/omeryildiz/.m2/repository/io/grpc/grpc-services/1.62.2/grpc-services-1.62.2.jar:/Users/omeryildiz/.m2/repository/com/google/re2j/re2j/1.7/re2j-1.7.jar:/Users/omeryildiz/.m2/repository/io/grpc/grpc-rls/1.62.2/grpc-rls-1.62.2.jar:/Users/omeryildiz/.m2/repository/org/slf4j/slf4j-api/2.0.16/slf4j-api-2.0.16.jar:/Users/omeryildiz/.m2/repository/org/springframework/boot/spring-boot-starter-web/3.3.5/spring-boot-starter-web-3.3.5.jar:/Users/omeryildiz/.m2/repository/org/springframework/boot/spring-boot-starter/3.3.5/spring-boot-starter-3.3.5.jar:/Users/omeryildiz/.m2/repository/org/springframework/boot/spring-boot-starter-logging/3.3.5/spring-boot-starter-logging-3.3.5.jar:/Users/omeryildiz/.m2/repository/ch/qos/logback/logback-classic/1.5.11/logback-classic-1.5.11.jar:/Users/omeryildiz/.m2/repository/ch/qos/logback/logback-core/1.5.11/logback-core-1.5.11.jar:/Users/omeryildiz/.m2/repository/org/apache/logging/log4j/log4j-to-slf4j/2.23.1/log4j-to-slf4j-2.23.1.jar:/Users/omeryildiz/.m2/repository/org/apache/logging/log4j/log4j-api/2.23.1/log4j-api-2.23.1.jar:/Users/omeryildiz/.m2/repository/org/slf4j/jul-to-slf4j/2.0.16/jul-to-slf4j-2.0.16.jar:/Users/omeryildiz/.m2/repository/jakarta/annotation/jakarta.annotation-api/2.1.1/jakarta.annotation-api-2.1.1.jar:/Users/omeryildiz/.m2/repository/org/yaml/snakeyaml/2.2/snakeyaml-2.2.jar:/Users/omeryildiz/.m2/repository/org/springframework/boot/spring-boot-starter-json/3.3.5/spring-boot-starter-json-3.3.5.jar:/Users/omeryildiz/.m2/repository/com/fasterxml/jackson/core/jackson-databind/2.17.2/jackson-databind-2.17.2.jar:/Users/omeryildiz/.m2/repository/com/fasterxml/jackson/core/jackson-annotations/2.17.2/jackson-annotations-2.17.2.jar:/Users/omeryildiz/.m2/repository/com/fasterxml/jackson/datatype/jackson-datatype-jdk8/2.17.2/jackson-datatype-jdk8-2.17.2.jar:/Users/omeryildiz/.m2/repository/com/fasterxml/jackson/datatype/jackson-datatype-jsr310/2.17.2/jackson-datatype-jsr310-2.17.2.jar:/Users/omeryildiz/.m2/repository/com/fasterxml/jackson/module/jackson-module-parameter-names/2.17.2/jackson-module-parameter-names-2.17.2.jar:/Users/omeryildiz/.m2/repository/org/springframework/boot/spring-boot-starter-tomcat/3.3.5/spring-boot-starter-tomcat-3.3.5.jar:/Users/omeryildiz/.m2/repository/org/apache/tomcat/embed/tomcat-embed-core/10.1.31/tomcat-embed-core-10.1.31.jar:/Users/omeryildiz/.m2/repository/org/apache/tomcat/embed/tomcat-embed-el/10.1.31/tomcat-embed-el-10.1.31.jar:/Users/omeryildiz/.m2/repository/org/apache/tomcat/embed/tomcat-embed-websocket/10.1.31/tomcat-embed-websocket-10.1.31.jar:/Users/omeryildiz/.m2/repository/org/springframework/spring-web/6.1.14/spring-web-6.1.14.jar:/Users/omeryildiz/.m2/repository/org/springframework/spring-beans/6.1.14/spring-beans-6.1.14.jar:/Users/omeryildiz/.m2/repository/io/micrometer/micrometer-observation/1.13.6/micrometer-observation-1.13.6.jar:/Users/omeryildiz/.m2/repository/io/micrometer/micrometer-commons/1.13.6/micrometer-commons-1.13.6.jar:/Users/omeryildiz/.m2/repository/org/springframework/spring-webmvc/6.1.14/spring-webmvc-6.1.14.jar:/Users/omeryildiz/.m2/repository/org/springframework/spring-aop/6.1.14/spring-aop-6.1.14.jar:/Users/omeryildiz/.m2/repository/org/springframework/spring-expression/6.1.14/spring-expression-6.1.14.jar:/Users/omeryildiz/.m2/repository/org/springframework/boot/spring-boot-devtools/3.3.5/spring-boot-devtools-3.3.5.jar:/Users/omeryildiz/.m2/repository/org/springframework/boot/spring-boot/3.3.5/spring-boot-3.3.5.jar:/Users/omeryildiz/.m2/repository/org/springframework/boot/spring-boot-autoconfigure/3.3.5/spring-boot-autoconfigure-3.3.5.jar:/Users/omeryildiz/.m2/repository/org/springframework/boot/spring-boot-configuration-processor/3.3.5/spring-boot-configuration-processor-3.3.5.jar:/Users/omeryildiz/.m2/repository/org/springframework/boot/spring-boot-starter-test/3.3.5/spring-boot-starter-test-3.3.5.jar:/Users/omeryildiz/.m2/repository/org/springframework/boot/spring-boot-test/3.3.5/spring-boot-test-3.3.5.jar:/Users/omeryildiz/.m2/repository/org/springframework/boot/spring-boot-test-autoconfigure/3.3.5/spring-boot-test-autoconfigure-3.3.5.jar:/Users/omeryildiz/.m2/repository/com/jayway/jsonpath/json-path/2.9.0/json-path-2.9.0.jar:/Users/omeryildiz/.m2/repository/jakarta/xml/bind/jakarta.xml.bind-api/4.0.2/jakarta.xml.bind-api-4.0.2.jar:/Users/omeryildiz/.m2/repository/jakarta/activation/jakarta.activation-api/2.1.3/jakarta.activation-api-2.1.3.jar:/Users/omeryildiz/.m2/repository/net/minidev/json-smart/2.5.1/json-smart-2.5.1.jar:/Users/omeryildiz/.m2/repository/net/minidev/accessors-smart/2.5.1/accessors-smart-2.5.1.jar:/Users/omeryildiz/.m2/repository/org/ow2/asm/asm/9.6/asm-9.6.jar:/Users/omeryildiz/.m2/repository/org/assertj/assertj-core/3.25.3/assertj-core-3.25.3.jar:/Users/omeryildiz/.m2/repository/net/bytebuddy/byte-buddy/1.14.19/byte-buddy-1.14.19.jar:/Users/omeryildiz/.m2/repository/org/awaitility/awaitility/4.2.2/awaitility-4.2.2.jar:/Users/omeryildiz/.m2/repository/org/hamcrest/hamcrest/2.2/hamcrest-2.2.jar:/Users/omeryildiz/.m2/repository/org/junit/jupiter/junit-jupiter/5.10.5/junit-jupiter-5.10.5.jar:/Users/omeryildiz/.m2/repository/org/junit/jupiter/junit-jupiter-api/5.10.5/junit-jupiter-api-5.10.5.jar:/Users/omeryildiz/.m2/repository/org/opentest4j/opentest4j/1.3.0/opentest4j-1.3.0.jar:/Users/omeryildiz/.m2/repository/org/junit/platform/junit-platform-commons/1.10.5/junit-platform-commons-1.10.5.jar:/Users/omeryildiz/.m2/repository/org/apiguardian/apiguardian-api/1.1.2/apiguardian-api-1.1.2.jar:/Users/omeryildiz/.m2/repository/org/junit/jupiter/junit-jupiter-params/5.10.5/junit-jupiter-params-5.10.5.jar:/Users/omeryildiz/.m2/repository/org/junit/jupiter/junit-jupiter-engine/5.10.5/junit-jupiter-engine-5.10.5.jar:/Users/omeryildiz/.m2/repository/org/junit/platform/junit-platform-engine/1.10.5/junit-platform-engine-1.10.5.jar:/Users/omeryildiz/.m2/repository/org/mockito/mockito-core/5.11.0/mockito-core-5.11.0.jar:/Users/omeryildiz/.m2/repository/net/bytebuddy/byte-buddy-agent/1.14.19/byte-buddy-agent-1.14.19.jar:/Users/omeryildiz/.m2/repository/org/objenesis/objenesis/3.3/objenesis-3.3.jar:/Users/omeryildiz/.m2/repository/org/mockito/mockito-junit-jupiter/5.11.0/mockito-junit-jupiter-5.11.0.jar:/Users/omeryildiz/.m2/repository/org/skyscreamer/jsonassert/1.5.3/jsonassert-1.5.3.jar:/Users/omeryildiz/.m2/repository/com/vaadin/external/google/android-json/0.0.20131108.vaadin1/android-json-0.0.20131108.vaadin1.jar:/Users/omeryildiz/.m2/repository/org/springframework/spring-core/6.1.14/spring-core-6.1.14.jar:/Users/omeryildiz/.m2/repository/org/springframework/spring-jcl/6.1.14/spring-jcl-6.1.14.jar:/Users/omeryildiz/.m2/repository/org/springframework/spring-test/6.1.14/spring-test-6.1.14.jar:/Users/omeryildiz/.m2/repository/org/xmlunit/xmlunit-core/2.9.1/xmlunit-core-2.9.1.jar:/Users/omeryildiz/.m2/repository/org/projectlombok/lombok/1.18.34/lombok-1.18.34.jar:"/>
    <property name="java.vm.vendor" value="Amazon.com Inc."/>
    <property name="sun.arch.data.model" value="64"/>
    <property name="java.vendor.url" value="https://aws.amazon.com/corretto/"/>
    <property name="user.timezone" value="Europe/Istanbul"/>
    <property name="os.name" value="Mac OS X"/>
    <property name="java.vm.specification.version" value="17"/>
    <property name="sun.java.launcher" value="SUN_STANDARD"/>
    <property name="user.country" value="TR"/>
    <property name="sun.boot.library.path" value="/Users/omeryildiz/.sdkman/candidates/java/17.0.13-amzn/lib"/>
    <property name="sun.java.command" value="/Users/omeryildiz/Downloads/sportsapi/target/surefire/surefirebooter-20241220224653428_3.jar /Users/omeryildiz/Downloads/sportsapi/target/surefire 2024-12-20T22-46-53_373-jvmRun1 surefire-20241220224653428_1tmp surefire_0-20241220224653428_2tmp"/>
    <property name="http.nonProxyHosts" value="local|*.local|169.254/16|*.169.254/16"/>
    <property name="jdk.debug" value="release"/>
    <property name="surefire.test.class.path" value="/Users/omeryildiz/Downloads/sportsapi/target/test-classes:/Users/omeryildiz/Downloads/sportsapi/target/classes:/Users/omeryildiz/.m2/repository/com/google/cloud/spring-cloud-gcp-starter-storage/5.5.0/spring-cloud-gcp-starter-storage-5.5.0.jar:/Users/omeryildiz/.m2/repository/com/google/cloud/spring-cloud-gcp-starter/5.5.0/spring-cloud-gcp-starter-5.5.0.jar:/Users/omeryildiz/.m2/repository/com/google/cloud/spring-cloud-gcp-core/5.5.0/spring-cloud-gcp-core-5.5.0.jar:/Users/omeryildiz/.m2/repository/com/google/cloud/google-cloud-core/2.40.0/google-cloud-core-2.40.0.jar:/Users/omeryildiz/.m2/repository/com/google/cloud/spring-cloud-gcp-autoconfigure/5.5.0/spring-cloud-gcp-autoconfigure-5.5.0.jar:/Users/omeryildiz/.m2/repository/org/apache/commons/commons-lang3/3.14.0/commons-lang3-3.14.0.jar:/Users/omeryildiz/.m2/repository/com/google/cloud/spring-cloud-gcp-storage/5.5.0/spring-cloud-gcp-storage-5.5.0.jar:/Users/omeryildiz/.m2/repository/org/springframework/spring-context/6.1.14/spring-context-6.1.14.jar:/Users/omeryildiz/.m2/repository/com/google/cloud/google-cloud-storage/2.40.1/google-cloud-storage-2.40.1.jar:/Users/omeryildiz/.m2/repository/com/google/guava/guava/33.1.0-jre/guava-33.1.0-jre.jar:/Users/omeryildiz/.m2/repository/com/google/guava/failureaccess/1.0.2/failureaccess-1.0.2.jar:/Users/omeryildiz/.m2/repository/com/google/guava/listenablefuture/9999.0-empty-to-avoid-conflict-with-guava/listenablefuture-9999.0-empty-to-avoid-conflict-with-guava.jar:/Users/omeryildiz/.m2/repository/com/google/errorprone/error_prone_annotations/2.28.0/error_prone_annotations-2.28.0.jar:/Users/omeryildiz/.m2/repository/com/google/j2objc/j2objc-annotations/3.0.0/j2objc-annotations-3.0.0.jar:/Users/omeryildiz/.m2/repository/com/google/http-client/google-http-client/1.44.2/google-http-client-1.44.2.jar:/Users/omeryildiz/.m2/repository/io/grpc/grpc-context/1.62.2/grpc-context-1.62.2.jar:/Users/omeryildiz/.m2/repository/io/opencensus/opencensus-contrib-http-util/0.31.1/opencensus-contrib-http-util-0.31.1.jar:/Users/omeryildiz/.m2/repository/com/google/http-client/google-http-client-jackson2/1.44.2/google-http-client-jackson2-1.44.2.jar:/Users/omeryildiz/.m2/repository/com/google/http-client/google-http-client-gson/1.44.2/google-http-client-gson-1.44.2.jar:/Users/omeryildiz/.m2/repository/com/google/api-client/google-api-client/2.6.0/google-api-client-2.6.0.jar:/Users/omeryildiz/.m2/repository/commons-codec/commons-codec/1.16.1/commons-codec-1.16.1.jar:/Users/omeryildiz/.m2/repository/com/google/oauth-client/google-oauth-client/1.36.0/google-oauth-client-1.36.0.jar:/Users/omeryildiz/.m2/repository/com/google/http-client/google-http-client-apache-v2/1.44.2/google-http-client-apache-v2-1.44.2.jar:/Users/omeryildiz/.m2/repository/com/google/apis/google-api-services-storage/v1-rev20240621-2.0.0/google-api-services-storage-v1-rev20240621-2.0.0.jar:/Users/omeryildiz/.m2/repository/com/google/code/gson/gson/2.10.1/gson-2.10.1.jar:/Users/omeryildiz/.m2/repository/com/google/auto/value/auto-value-annotations/1.10.4/auto-value-annotations-1.10.4.jar:/Users/omeryildiz/.m2/repository/com/google/cloud/google-cloud-core-http/2.40.0/google-cloud-core-http-2.40.0.jar:/Users/omeryildiz/.m2/repository/com/google/http-client/google-http-client-appengine/1.44.2/google-http-client-appengine-1.44.2.jar:/Users/omeryildiz/.m2/repository/com/google/api/gax-httpjson/2.50.0/gax-httpjson-2.50.0.jar:/Users/omeryildiz/.m2/repository/com/google/cloud/google-cloud-core-grpc/2.40.0/google-cloud-core-grpc-2.40.0.jar:/Users/omeryildiz/.m2/repository/com/google/api/gax/2.50.0/gax-2.50.0.jar:/Users/omeryildiz/.m2/repository/com/google/api/gax-grpc/2.50.0/gax-grpc-2.50.0.jar:/Users/omeryildiz/.m2/repository/io/grpc/grpc-inprocess/1.62.2/grpc-inprocess-1.62.2.jar:/Users/omeryildiz/.m2/repository/io/grpc/grpc-alts/1.62.2/grpc-alts-1.62.2.jar:/Users/omeryildiz/.m2/repository/io/grpc/grpc-grpclb/1.62.2/grpc-grpclb-1.62.2.jar:/Users/omeryildiz/.m2/repository/org/conscrypt/conscrypt-openjdk-uber/2.5.2/conscrypt-openjdk-uber-2.5.2.jar:/Users/omeryildiz/.m2/repository/io/grpc/grpc-auth/1.62.2/grpc-auth-1.62.2.jar:/Users/omeryildiz/.m2/repository/com/google/auth/google-auth-library-credentials/1.23.0/google-auth-library-credentials-1.23.0.jar:/Users/omeryildiz/.m2/repository/com/google/auth/google-auth-library-oauth2-http/1.23.0/google-auth-library-oauth2-http-1.23.0.jar:/Users/omeryildiz/.m2/repository/com/google/api/api-common/2.33.0/api-common-2.33.0.jar:/Users/omeryildiz/.m2/repository/javax/annotation/javax.annotation-api/1.3.2/javax.annotation-api-1.3.2.jar:/Users/omeryildiz/.m2/repository/io/opencensus/opencensus-api/0.31.1/opencensus-api-0.31.1.jar:/Users/omeryildiz/.m2/repository/com/google/api/grpc/proto-google-iam-v1/1.36.0/proto-google-iam-v1-1.36.0.jar:/Users/omeryildiz/.m2/repository/com/google/protobuf/protobuf-java/3.25.3/protobuf-java-3.25.3.jar:/Users/omeryildiz/.m2/repository/com/google/protobuf/protobuf-java-util/3.25.3/protobuf-java-util-3.25.3.jar:/Users/omeryildiz/.m2/repository/io/grpc/grpc-core/1.62.2/grpc-core-1.62.2.jar:/Users/omeryildiz/.m2/repository/com/google/android/annotations/4.1.1.4/annotations-4.1.1.4.jar:/Users/omeryildiz/.m2/repository/org/codehaus/mojo/animal-sniffer-annotations/1.23/animal-sniffer-annotations-1.23.jar:/Users/omeryildiz/.m2/repository/io/perfmark/perfmark-api/0.27.0/perfmark-api-0.27.0.jar:/Users/omeryildiz/.m2/repository/io/grpc/grpc-protobuf/1.62.2/grpc-protobuf-1.62.2.jar:/Users/omeryildiz/.m2/repository/io/grpc/grpc-protobuf-lite/1.62.2/grpc-protobuf-lite-1.62.2.jar:/Users/omeryildiz/.m2/repository/com/google/api/grpc/proto-google-common-protos/2.41.0/proto-google-common-protos-2.41.0.jar:/Users/omeryildiz/.m2/repository/org/threeten/threetenbp/1.6.9/threetenbp-1.6.9.jar:/Users/omeryildiz/.m2/repository/com/google/api/grpc/proto-google-cloud-storage-v2/2.40.1-alpha/proto-google-cloud-storage-v2-2.40.1-alpha.jar:/Users/omeryildiz/.m2/repository/com/google/api/grpc/grpc-google-cloud-storage-v2/2.40.1-alpha/grpc-google-cloud-storage-v2-2.40.1-alpha.jar:/Users/omeryildiz/.m2/repository/com/google/api/grpc/gapic-google-cloud-storage-v2/2.40.1-alpha/gapic-google-cloud-storage-v2-2.40.1-alpha.jar:/Users/omeryildiz/.m2/repository/com/fasterxml/jackson/core/jackson-core/2.17.2/jackson-core-2.17.2.jar:/Users/omeryildiz/.m2/repository/com/google/code/findbugs/jsr305/3.0.2/jsr305-3.0.2.jar:/Users/omeryildiz/.m2/repository/io/grpc/grpc-api/1.62.2/grpc-api-1.62.2.jar:/Users/omeryildiz/.m2/repository/io/grpc/grpc-netty-shaded/1.62.2/grpc-netty-shaded-1.62.2.jar:/Users/omeryildiz/.m2/repository/io/grpc/grpc-util/1.62.2/grpc-util-1.62.2.jar:/Users/omeryildiz/.m2/repository/io/grpc/grpc-stub/1.62.2/grpc-stub-1.62.2.jar:/Users/omeryildiz/.m2/repository/io/grpc/grpc-googleapis/1.62.2/grpc-googleapis-1.62.2.jar:/Users/omeryildiz/.m2/repository/org/checkerframework/checker-qual/3.44.0/checker-qual-3.44.0.jar:/Users/omeryildiz/.m2/repository/io/grpc/grpc-xds/1.62.2/grpc-xds-1.62.2.jar:/Users/omeryildiz/.m2/repository/io/opencensus/opencensus-proto/0.2.0/opencensus-proto-0.2.0.jar:/Users/omeryildiz/.m2/repository/io/grpc/grpc-services/1.62.2/grpc-services-1.62.2.jar:/Users/omeryildiz/.m2/repository/com/google/re2j/re2j/1.7/re2j-1.7.jar:/Users/omeryildiz/.m2/repository/io/grpc/grpc-rls/1.62.2/grpc-rls-1.62.2.jar:/Users/omeryildiz/.m2/repository/org/slf4j/slf4j-api/2.0.16/slf4j-api-2.0.16.jar:/Users/omeryildiz/.m2/repository/org/springframework/boot/spring-boot-starter-web/3.3.5/spring-boot-starter-web-3.3.5.jar:/Users/omeryildiz/.m2/repository/org/springframework/boot/spring-boot-starter/3.3.5/spring-boot-starter-3.3.5.jar:/Users/omeryildiz/.m2/repository/org/springframework/boot/spring-boot-starter-logging/3.3.5/spring-boot-starter-logging-3.3.5.jar:/Users/omeryildiz/.m2/repository/ch/qos/logback/logback-classic/1.5.11/logback-classic-1.5.11.jar:/Users/omeryildiz/.m2/repository/ch/qos/logback/logback-core/1.5.11/logback-core-1.5.11.jar:/Users/omeryildiz/.m2/repository/org/apache/logging/log4j/log4j-to-slf4j/2.23.1/log4j-to-slf4j-2.23.1.jar:/Users/omeryildiz/.m2/repository/org/apache/logging/log4j/log4j-api/2.23.1/log4j-api-2.23.1.jar:/Users/omeryildiz/.m2/repository/org/slf4j/jul-to-slf4j/2.0.16/jul-to-slf4j-2.0.16.jar:/Users/omeryildiz/.m2/repository/jakarta/annotation/jakarta.annotation-api/2.1.1/jakarta.annotation-api-2.1.1.jar:/Users/omeryildiz/.m2/repository/org/yaml/snakeyaml/2.2/snakeyaml-2.2.jar:/Users/omeryildiz/.m2/repository/org/springframework/boot/spring-boot-starter-json/3.3.5/spring-boot-starter-json-3.3.5.jar:/Users/omeryildiz/.m2/repository/com/fasterxml/jackson/core/jackson-databind/2.17.2/jackson-databind-2.17.2.jar:/Users/omeryildiz/.m2/repository/com/fasterxml/jackson/core/jackson-annotations/2.17.2/jackson-annotations-2.17.2.jar:/Users/omeryildiz/.m2/repository/com/fasterxml/jackson/datatype/jackson-datatype-jdk8/2.17.2/jackson-datatype-jdk8-2.17.2.jar:/Users/omeryildiz/.m2/repository/com/fasterxml/jackson/datatype/jackson-datatype-jsr310/2.17.2/jackson-datatype-jsr310-2.17.2.jar:/Users/omeryildiz/.m2/repository/com/fasterxml/jackson/module/jackson-module-parameter-names/2.17.2/jackson-module-parameter-names-2.17.2.jar:/Users/omeryildiz/.m2/repository/org/springframework/boot/spring-boot-starter-tomcat/3.3.5/spring-boot-starter-tomcat-3.3.5.jar:/Users/omeryildiz/.m2/repository/org/apache/tomcat/embed/tomcat-embed-core/10.1.31/tomcat-embed-core-10.1.31.jar:/Users/omeryildiz/.m2/repository/org/apache/tomcat/embed/tomcat-embed-el/10.1.31/tomcat-embed-el-10.1.31.jar:/Users/omeryildiz/.m2/repository/org/apache/tomcat/embed/tomcat-embed-websocket/10.1.31/tomcat-embed-websocket-10.1.31.jar:/Users/omeryildiz/.m2/repository/org/springframework/spring-web/6.1.14/spring-web-6.1.14.jar:/Users/omeryildiz/.m2/repository/org/springframework/spring-beans/6.1.14/spring-beans-6.1.14.jar:/Users/omeryildiz/.m2/repository/io/micrometer/micrometer-observation/1.13.6/micrometer-observation-1.13.6.jar:/Users/omeryildiz/.m2/repository/io/micrometer/micrometer-commons/1.13.6/micrometer-commons-1.13.6.jar:/Users/omeryildiz/.m2/repository/org/springframework/spring-webmvc/6.1.14/spring-webmvc-6.1.14.jar:/Users/omeryildiz/.m2/repository/org/springframework/spring-aop/6.1.14/spring-aop-6.1.14.jar:/Users/omeryildiz/.m2/repository/org/springframework/spring-expression/6.1.14/spring-expression-6.1.14.jar:/Users/omeryildiz/.m2/repository/org/springframework/boot/spring-boot-devtools/3.3.5/spring-boot-devtools-3.3.5.jar:/Users/omeryildiz/.m2/repository/org/springframework/boot/spring-boot/3.3.5/spring-boot-3.3.5.jar:/Users/omeryildiz/.m2/repository/org/springframework/boot/spring-boot-autoconfigure/3.3.5/spring-boot-autoconfigure-3.3.5.jar:/Users/omeryildiz/.m2/repository/org/springframework/boot/spring-boot-configuration-processor/3.3.5/spring-boot-configuration-processor-3.3.5.jar:/Users/omeryildiz/.m2/repository/org/springframework/boot/spring-boot-starter-test/3.3.5/spring-boot-starter-test-3.3.5.jar:/Users/omeryildiz/.m2/repository/org/springframework/boot/spring-boot-test/3.3.5/spring-boot-test-3.3.5.jar:/Users/omeryildiz/.m2/repository/org/springframework/boot/spring-boot-test-autoconfigure/3.3.5/spring-boot-test-autoconfigure-3.3.5.jar:/Users/omeryildiz/.m2/repository/com/jayway/jsonpath/json-path/2.9.0/json-path-2.9.0.jar:/Users/omeryildiz/.m2/repository/jakarta/xml/bind/jakarta.xml.bind-api/4.0.2/jakarta.xml.bind-api-4.0.2.jar:/Users/omeryildiz/.m2/repository/jakarta/activation/jakarta.activation-api/2.1.3/jakarta.activation-api-2.1.3.jar:/Users/omeryildiz/.m2/repository/net/minidev/json-smart/2.5.1/json-smart-2.5.1.jar:/Users/omeryildiz/.m2/repository/net/minidev/accessors-smart/2.5.1/accessors-smart-2.5.1.jar:/Users/omeryildiz/.m2/repository/org/ow2/asm/asm/9.6/asm-9.6.jar:/Users/omeryildiz/.m2/repository/org/assertj/assertj-core/3.25.3/assertj-core-3.25.3.jar:/Users/omeryildiz/.m2/repository/net/bytebuddy/byte-buddy/1.14.19/byte-buddy-1.14.19.jar:/Users/omeryildiz/.m2/repository/org/awaitility/awaitility/4.2.2/awaitility-4.2.2.jar:/Users/omeryildiz/.m2/repository/org/hamcrest/hamcrest/2.2/hamcrest-2.2.jar:/Users/omeryildiz/.m2/repository/org/junit/jupiter/junit-jupiter/5.10.5/junit-jupiter-5.10.5.jar:/Users/omeryildiz/.m2/repository/org/junit/jupiter/junit-jupiter-api/5.10.5/junit-jupiter-api-5.10.5.jar:/Users/omeryildiz/.m2/repository/org/opentest4j/opentest4j/1.3.0/opentest4j-1.3.0.jar:/Users/omeryildiz/.m2/repository/org/junit/platform/junit-platform-commons/1.10.5/junit-platform-commons-1.10.5.jar:/Users/omeryildiz/.m2/repository/org/apiguardian/apiguardian-api/1.1.2/apiguardian-api-1.1.2.jar:/Users/omeryildiz/.m2/repository/org/junit/jupiter/junit-jupiter-params/5.10.5/junit-jupiter-params-5.10.5.jar:/Users/omeryildiz/.m2/repository/org/junit/jupiter/junit-jupiter-engine/5.10.5/junit-jupiter-engine-5.10.5.jar:/Users/omeryildiz/.m2/repository/org/junit/platform/junit-platform-engine/1.10.5/junit-platform-engine-1.10.5.jar:/Users/omeryildiz/.m2/repository/org/mockito/mockito-core/5.11.0/mockito-core-5.11.0.jar:/Users/omeryildiz/.m2/repository/net/bytebuddy/byte-buddy-agent/1.14.19/byte-buddy-agent-1.14.19.jar:/Users/omeryildiz/.m2/repository/org/objenesis/objenesis/3.3/objenesis-3.3.jar:/Users/omeryildiz/.m2/repository/org/mockito/mockito-junit-jupiter/5.11.0/mockito-junit-jupiter-5.11.0.jar:/Users/omeryildiz/.m2/repository/org/skyscreamer/jsonassert/1.5.3/jsonassert-1.5.3.jar:/Users/omeryildiz/.m2/repository/com/vaadin/external/google/android-json/0.0.20131108.vaadin1/android-json-0.0.20131108.vaadin1.jar:/Users/omeryildiz/.m2/repository/org/springframework/spring-core/6.1.14/spring-core-6.1.14.jar:/Users/omeryildiz/.m2/repository/org/springframework/spring-jcl/6.1.14/spring-jcl-6.1.14.jar:/Users/omeryildiz/.m2/repository/org/springframework/spring-test/6.1.14/spring-test-6.1.14.jar:/Users/omeryildiz/.m2/repository/org/xmlunit/xmlunit-core/2.9.1/xmlunit-core-2.9.1.jar:/Users/omeryildiz/.m2/repository/org/projectlombok/lombok/1.18.34/lombok-1.18.34.jar:"/>
    <property name="sun.cpu.endian" value="little"/>
    <property name="user.home" value="/Users/omeryildiz"/>
    <property name="user.language" value="en"/>
    <property name="java.specification.vendor" value="Oracle Corporation"/>
    <property name="java.version.date" value="2024-10-15"/>
    <property name="java.home" value="/Users/omeryildiz/.sdkman/candidates/java/17.0.13-amzn"/>
    <property name="file.separator" value="/"/>
    <property name="basedir" value="/Users/omeryildiz/Downloads/sportsapi"/>
    <property name="java.vm.compressedOopsMode" value="Zero based"/>
    <property name="line.separator" value="&#10;"/>
    <property name="java.vm.specification.vendor" value="Oracle Corporation"/>
    <property name="java.specification.name" value="Java Platform API Specification"/>
    <property name="FILE_LOG_CHARSET" value="UTF-8"/>
    <property name="java.awt.headless" value="true"/>
    <property name="surefire.real.class.path" value="/Users/omeryildiz/Downloads/sportsapi/target/surefire/surefirebooter-20241220224653428_3.jar"/>
    <property name="sun.management.compiler" value="HotSpot 64-Bit Tiered Compilers"/>
    <property name="ftp.nonProxyHosts" value="local|*.local|169.254/16|*.169.254/16"/>
    <property name="java.runtime.version" value="17.0.13+11-LTS"/>
    <property name="user.name" value="omeryildiz"/>
    <property name="path.separator" value=":"/>
    <property name="os.version" value="12.5"/>
    <property name="java.runtime.name" value="OpenJDK Runtime Environment"/>
    <property name="file.encoding" value="UTF-8"/>
    <property name="java.vm.name" value="OpenJDK 64-Bit Server VM"/>
    <property name="java.vendor.version" value="Corretto-17.0.13.11.1"/>
    <property name="localRepository" value="/Users/omeryildiz/.m2/repository"/>
    <property name="java.vendor.url.bug" value="https://github.com/corretto/corretto-17/issues/"/>
    <property name="java.io.tmpdir" value="/var/folders/lz/72v2qwyx34g0fk80lsqg3qt80000gn/T/"/>
    <property name="java.version" value="17.0.13"/>
    <property name="user.dir" value="/Users/omeryildiz/Downloads/sportsapi"/>
    <property name="os.arch" value="aarch64"/>
    <property name="java.vm.specification.name" value="Java Virtual Machine Specification"/>
    <property name="PID" value="10674"/>
    <property name="CONSOLE_LOG_CHARSET" value="UTF-8"/>
    <property name="native.encoding" value="UTF-8"/>
    <property name="java.library.path" value="/Users/omeryildiz/Library/Java/Extensions:/Library/Java/Extensions:/Network/Library/Java/Extensions:/System/Library/Java/Extensions:/usr/lib/java:."/>
    <property name="java.vm.info" value="mixed mode, sharing"/>
    <property name="java.vendor" value="Amazon.com Inc."/>
    <property name="java.vm.version" value="17.0.13+11-LTS"/>
    <property name="java.specification.maintenance.version" value="1"/>
    <property name="sun.io.unicode.encoding" value="UnicodeBig"/>
    <property name="socksNonProxyHosts" value="local|*.local|169.254/16|*.169.254/16"/>
    <property name="java.class.version" value="61.0"/>
    <property name="LOGGED_APPLICATION_NAME" value="[sportsapi] "/>
  </properties>
  <testcase name="contextLoads" classname="com.example.sportsapi.SportsapiApplicationTests" time="0.507">
    <system-out><![CDATA[22:46:53.909 [main] INFO org.springframework.test.context.support.AnnotationConfigContextLoaderUtils -- Could not detect default configuration classes for test class [com.example.sportsapi.SportsapiApplicationTests]: SportsapiApplicationTests does not declare any static, non-private, non-final, nested classes annotated with @Configuration.
22:46:53.979 [main] INFO org.springframework.boot.test.context.SpringBootTestContextBootstrapper -- Found @SpringBootConfiguration com.example.sportsapi.SportsapiApplication for test class com.example.sportsapi.SportsapiApplicationTests
22:46:54.082 [main] INFO org.springframework.boot.devtools.restart.RestartApplicationListener -- Restart disabled due to context in which it is running

  .   ____          _            __ _ _
 /\\ / ___'_ __ _ _(_)_ __  __ _ \ \ \ \
( ( )\___ | '_ | '_| | '_ \/ _` | \ \ \ \
 \\/  ___)| |_)| | | | | || (_| |  ) ) ) )
  '  |____| .__|_| |_|_| |_\__, | / / / /
 =========|_|==============|___/=/_/_/_/

 :: Spring Boot ::                (v3.3.5)

2024-12-20T22:46:54.251+03:00  INFO 10674 --- [sportsapi] [           main] c.e.sportsapi.SportsapiApplicationTests  : Starting SportsapiApplicationTests using Java 17.0.13 with PID 10674 (started by omeryildiz in /Users/omeryildiz/Downloads/sportsapi)
2024-12-20T22:46:54.252+03:00  INFO 10674 --- [sportsapi] [           main] c.e.sportsapi.SportsapiApplicationTests  : No active profile set, falling back to 1 default profile: "default"
2024-12-20T22:46:55.170+03:00  INFO 10674 --- [sportsapi] [           main] c.g.c.s.core.DefaultCredentialsProvider  : Default credentials provider for user 764086051850-6qr4p6gpi6hn506pt8ejuq83di341hur.apps.googleusercontent.com
2024-12-20T22:46:55.170+03:00  INFO 10674 --- [sportsapi] [           main] c.g.c.s.core.DefaultCredentialsProvider  : Scopes in use by default credentials: [https://www.googleapis.com/auth/pubsub, https://www.googleapis.com/auth/spanner.admin, https://www.googleapis.com/auth/spanner.data, https://www.googleapis.com/auth/datastore, https://www.googleapis.com/auth/sqlservice.admin, https://www.googleapis.com/auth/devstorage.read_only, https://www.googleapis.com/auth/devstorage.read_write, https://www.googleapis.com/auth/cloudruntimeconfig, https://www.googleapis.com/auth/trace.append, https://www.googleapis.com/auth/cloud-platform, https://www.googleapis.com/auth/cloud-vision, https://www.googleapis.com/auth/bigquery, https://www.googleapis.com/auth/monitoring.write]
2024-12-20T22:46:55.171+03:00  INFO 10674 --- [sportsapi] [           main] c.g.c.s.a.c.GcpContextAutoConfiguration  : The default project ID is footballapi-443400
2024-12-20T22:46:55.226+03:00  INFO 10674 --- [sportsapi] [           main] c.e.sportsapi.SportsapiApplicationTests  : Started SportsapiApplicationTests in 1.152 seconds (process running for 1.747)
]]></system-out>
  </testcase>
</testsuite>